<?xml version="1.0" encoding="UTF-8"?>
<!-- Generated by org.testng.reporters.JUnitReportReporter -->
<testsuite skipped="0" hostname="DESKTOP-3FPHIMD" name="com.testcases.GetAPI" tests="1" failures="0" timestamp="28 Nov 2019 18:33:00 GMT" time="3.235" errors="0">
  <testcase name="getAPI" time="3.235" classname="com.testcases.GetAPI"/>
</testsuite> <!-- com.testcases.GetAPI -->
