<?xml version="1.0" encoding="UTF-8"?>
<!-- Generated by org.testng.reporters.JUnitReportReporter -->
<testsuite skipped="0" hostname="DESKTOP-3FPHIMD" name="Selenium.apiAutomation.GetAPI" tests="1" failures="0" timestamp="27 Nov 2019 13:30:23 GMT" time="2.648" errors="0">
  <testcase name="getAPI" time="2.648" classname="Selenium.apiAutomation.GetAPI"/>
</testsuite> <!-- Selenium.apiAutomation.GetAPI -->
