<?xml version="1.0" encoding="UTF-8"?>
<!-- Generated by org.testng.reporters.JUnitReportReporter -->
<testsuite skipped="0" hostname="DESKTOP-3FPHIMD" name="com.testcases.GetAPI" tests="1" failures="0" timestamp="29 Nov 2019 15:48:33 GMT" time="3.402" errors="0">
  <testcase name="getAPI" time="3.402" classname="com.testcases.GetAPI"/>
</testsuite> <!-- com.testcases.GetAPI -->
