<?xml version="1.0" encoding="UTF-8"?>
<!-- Generated by org.testng.reporters.JUnitReportReporter -->
<testsuite skipped="0" hostname="DESKTOP-3FPHIMD" name="com.testcases.GetAPI" tests="1" failures="0" timestamp="30 Nov 2019 16:14:40 GMT" time="5.236" errors="0">
  <testcase name="getAPI" time="5.236" classname="com.testcases.GetAPI"/>
</testsuite> <!-- com.testcases.GetAPI -->
